# JRE version: OpenJDK Runtime Environment Temurin-21.0.8+9 (21.0.8+9) (build 21.0.8+9-LTS)
# Java VM: OpenJDK 64-Bit Server VM Temurin-21.0.8+9 (21.0.8+9-LTS, mixed mode, sharing, tiered, compressed oops, compressed class ptrs, parallel gc, windows-amd64)
GC Precious Log:
 CardTable entry size: 512
 CPUs: 12 total, 12 available
 Memory: 32664M
 Large Page Support: Disabled
 NUMA Support: Disabled
 Compressed Oops: Enabled (32-bit)
 Alignments: Space 512K, Generation 512K, Heap 2M
 Heap Min Capacity: 100M
 Heap Initial Capacity: 100M
 Heap Max Capacity: 2G
 Pre-touch: Disabled
 Parallel Workers: 10
Heap:
 PSYoungGen      total 5632K, used 2523K [0x00000000d5580000, 0x00000000d5c00000, 0x0000000100000000)
  eden space 4608K, 46% used [0x00000000d5580000,0x00000000d57985f0,0x00000000d5a00000)
  from space 1024K, 36% used [0x00000000d5a00000,0x00000000d5a5e900,0x00000000d5b00000)
  to   space 1024K, 0% used [0x00000000d5b00000,0x00000000d5b00000,0x00000000d5c00000)
 ParOldGen       total 1111040K, used 1110817K [0x0000000080000000, 0x00000000c3d00000, 0x00000000d5580000)
  object space 1111040K, 99% used [0x0000000080000000,0x00000000c3cc85d0,0x00000000c3d00000)
 Metaspace       used 97645K, committed 99520K, reserved 1179648K
  class space    used 10114K, committed 10944K, reserved 1048576K
GC Heap History (20 events):
Event: 1388.013 GC heap before
{Heap before GC invocations=3698 (full 7):
 PSYoungGen      total 6656K, used 6432K [0x00000000d5580000, 0x00000000d5d00000, 0x0000000100000000)
  eden space 5632K, 100% used [0x00000000d5580000,0x00000000d5b00000,0x00000000d5b00000)
  from space 1024K, 78% used [0x00000000d5b00000,0x00000000d5bc8000,0x00000000d5c00000)
  to   space 1024K, 0% used [0x00000000d5c00000,0x00000000d5c00000,0x00000000d5d00000)
 ParOldGen       total 1105920K, used 1105536K [0x0000000080000000, 0x00000000c3800000, 0x00000000d5580000)
  object space 1105920K, 99% used [0x0000000080000000,0x00000000c37a01e0,0x00000000c3800000)
 Metaspace       used 97631K, committed 99456K, reserved 1179648K
  class space    used 10114K, committed 10944K, reserved 1048576K
}
Event: 1388.015 GC heap after
{Heap after GC invocations=3698 (full 7):
 PSYoungGen      total 5632K, used 1012K [0x00000000d5580000, 0x00000000d5f00000, 0x0000000100000000)
  eden space 4608K, 0% used [0x00000000d5580000,0x00000000d5580000,0x00000000d5a00000)
  from space 1024K, 98% used [0x00000000d5c00000,0x00000000d5cfd200,0x00000000d5d00000)
  to   space 2048K, 0% used [0x00000000d5a00000,0x00000000d5a00000,0x00000000d5c00000)
 ParOldGen       total 1106432K, used 1106168K [0x0000000080000000, 0x00000000c3880000, 0x00000000d5580000)
  object space 1106432K, 99% used [0x0000000080000000,0x00000000c383e1f0,0x00000000c3880000)
 Metaspace       used 97631K, committed 99456K, reserved 1179648K
  class space    used 10114K, committed 10944K, reserved 1048576K
}
Event: 1388.023 GC heap before
{Heap before GC invocations=3699 (full 7):
 PSYoungGen      total 5632K, used 5620K [0x00000000d5580000, 0x00000000d5f00000, 0x0000000100000000)
  eden space 4608K, 100% used [0x00000000d5580000,0x00000000d5a00000,0x00000000d5a00000)
  from space 1024K, 98% used [0x00000000d5c00000,0x00000000d5cfd200,0x00000000d5d00000)
  to   space 2048K, 0% used [0x00000000d5a00000,0x00000000d5a00000,0x00000000d5c00000)
 ParOldGen       total 1106432K, used 1106168K [0x0000000080000000, 0x00000000c3880000, 0x00000000d5580000)
  object space 1106432K, 99% used [0x0000000080000000,0x00000000c383e1f0,0x00000000c3880000)
 Metaspace       used 97631K, committed 99456K, reserved 1179648K
  class space    used 10114K, committed 10944K, reserved 1048576K
}
Event: 1388.026 GC heap after
{Heap after GC invocations=3699 (full 7):
 PSYoungGen      total 5632K, used 640K [0x00000000d5580000, 0x00000000d5c80000, 0x0000000100000000)
  eden space 4608K, 0% used [0x00000000d5580000,0x00000000d5580000,0x00000000d5a00000)
  from space 1024K, 62% used [0x00000000d5a00000,0x00000000d5aa0000,0x00000000d5b00000)
  to   space 1024K, 0% used [0x00000000d5b80000,0x00000000d5b80000,0x00000000d5c80000)
 ParOldGen       total 1107456K, used 1107147K [0x0000000080000000, 0x00000000c3980000, 0x00000000d5580000)
  object space 1107456K, 99% used [0x0000000080000000,0x00000000c3932c60,0x00000000c3980000)
 Metaspace       used 97631K, committed 99456K, reserved 1179648K
  class space    used 10114K, committed 10944K, reserved 1048576K
}
Event: 1388.298 GC heap before
{Heap before GC invocations=3700 (full 7):
 PSYoungGen      total 5632K, used 5248K [0x00000000d5580000, 0x00000000d5c80000, 0x0000000100000000)
  eden space 4608K, 100% used [0x00000000d5580000,0x00000000d5a00000,0x00000000d5a00000)
  from space 1024K, 62% used [0x00000000d5a00000,0x00000000d5aa0000,0x00000000d5b00000)
  to   space 1024K, 0% used [0x00000000d5b80000,0x00000000d5b80000,0x00000000d5c80000)
 ParOldGen       total 1107456K, used 1107147K [0x0000000080000000, 0x00000000c3980000, 0x00000000d5580000)
  object space 1107456K, 99% used [0x0000000080000000,0x00000000c3932c60,0x00000000c3980000)
 Metaspace       used 97634K, committed 99456K, reserved 1179648K
  class space    used 10114K, committed 10944K, reserved 1048576K
}
Event: 1388.300 GC heap after
{Heap after GC invocations=3700 (full 7):
 PSYoungGen      total 5632K, used 544K [0x00000000d5580000, 0x00000000d5c80000, 0x0000000100000000)
  eden space 4608K, 0% used [0x00000000d5580000,0x00000000d5580000,0x00000000d5a00000)
  from space 1024K, 53% used [0x00000000d5b80000,0x00000000d5c08000,0x00000000d5c80000)
  to   space 1024K, 0% used [0x00000000d5a00000,0x00000000d5a00000,0x00000000d5b00000)
 ParOldGen       total 1107968K, used 1107659K [0x0000000080000000, 0x00000000c3a00000, 0x00000000d5580000)
  object space 1107968K, 99% used [0x0000000080000000,0x00000000c39b2c60,0x00000000c3a00000)
 Metaspace       used 97634K, committed 99456K, reserved 1179648K
  class space    used 10114K, committed 10944K, reserved 1048576K
}
Event: 1388.306 GC heap before
{Heap before GC invocations=3701 (full 7):
 PSYoungGen      total 5632K, used 5152K [0x00000000d5580000, 0x00000000d5c80000, 0x0000000100000000)
  eden space 4608K, 100% used [0x00000000d5580000,0x00000000d5a00000,0x00000000d5a00000)
  from space 1024K, 53% used [0x00000000d5b80000,0x00000000d5c08000,0x00000000d5c80000)
  to   space 1024K, 0% used [0x00000000d5a00000,0x00000000d5a00000,0x00000000d5b00000)
 ParOldGen       total 1107968K, used 1107659K [0x0000000080000000, 0x00000000c3a00000, 0x00000000d5580000)
  object space 1107968K, 99% used [0x0000000080000000,0x00000000c39b2c60,0x00000000c3a00000)
 Metaspace       used 97634K, committed 99456K, reserved 1179648K
  class space    used 10114K, committed 10944K, reserved 1048576K
}
Event: 1388.309 GC heap after
{Heap after GC invocations=3701 (full 7):
 PSYoungGen      total 5632K, used 858K [0x00000000d5580000, 0x00000000d5c00000, 0x0000000100000000)
  eden space 4608K, 0% used [0x00000000d5580000,0x00000000d5580000,0x00000000d5a00000)
  from space 1024K, 83% used [0x00000000d5a00000,0x00000000d5ad6900,0x00000000d5b00000)
  to   space 1024K, 0% used [0x00000000d5b00000,0x00000000d5b00000,0x00000000d5c00000)
 ParOldGen       total 1108480K, used 1108057K [0x0000000080000000, 0x00000000c3a80000, 0x00000000d5580000)
  object space 1108480K, 99% used [0x0000000080000000,0x00000000c3a164b0,0x00000000c3a80000)
 Metaspace       used 97634K, committed 99456K, reserved 1179648K
  class space    used 10114K, committed 10944K, reserved 1048576K
}
Event: 1388.315 GC heap before
{Heap before GC invocations=3702 (full 7):
 PSYoungGen      total 5632K, used 5466K [0x00000000d5580000, 0x00000000d5c00000, 0x0000000100000000)
  eden space 4608K, 100% used [0x00000000d5580000,0x00000000d5a00000,0x00000000d5a00000)
  from space 1024K, 83% used [0x00000000d5a00000,0x00000000d5ad6900,0x00000000d5b00000)
  to   space 1024K, 0% used [0x00000000d5b00000,0x00000000d5b00000,0x00000000d5c00000)
 ParOldGen       total 1108480K, used 1108057K [0x0000000080000000, 0x00000000c3a80000, 0x00000000d5580000)
  object space 1108480K, 99% used [0x0000000080000000,0x00000000c3a164b0,0x00000000c3a80000)
 Metaspace       used 97634K, committed 99456K, reserved 1179648K
  class space    used 10114K, committed 10944K, reserved 1048576K
}
Event: 1388.317 GC heap after
{Heap after GC invocations=3702 (full 7):
 PSYoungGen      total 5632K, used 768K [0x00000000d5580000, 0x00000000d5c00000, 0x0000000100000000)
  eden space 4608K, 0% used [0x00000000d5580000,0x00000000d5580000,0x00000000d5a00000)
  from space 1024K, 75% used [0x00000000d5b00000,0x00000000d5bc0000,0x00000000d5c00000)
  to   space 1024K, 0% used [0x00000000d5a00000,0x00000000d5a00000,0x00000000d5b00000)
 ParOldGen       total 1108992K, used 1108825K [0x0000000080000000, 0x00000000c3b00000, 0x00000000d5580000)
  object space 1108992K, 99% used [0x0000000080000000,0x00000000c3ad66f0,0x00000000c3b00000)
 Metaspace       used 97634K, committed 99456K, reserved 1179648K
  class space    used 10114K, committed 10944K, reserved 1048576K
}
Event: 1388.326 GC heap before
{Heap before GC invocations=3703 (full 7):
 PSYoungGen      total 5632K, used 5376K [0x00000000d5580000, 0x00000000d5c00000, 0x0000000100000000)
  eden space 4608K, 100% used [0x00000000d5580000,0x00000000d5a00000,0x00000000d5a00000)
  from space 1024K, 75% used [0x00000000d5b00000,0x00000000d5bc0000,0x00000000d5c00000)
  to   space 1024K, 0% used [0x00000000d5a00000,0x00000000d5a00000,0x00000000d5b00000)
 ParOldGen       total 1108992K, used 1108825K [0x0000000080000000, 0x00000000c3b00000, 0x00000000d5580000)
  object space 1108992K, 99% used [0x0000000080000000,0x00000000c3ad66f0,0x00000000c3b00000)
 Metaspace       used 97635K, committed 99456K, reserved 1179648K
  class space    used 10114K, committed 10944K, reserved 1048576K
}
Event: 1388.328 GC heap after
{Heap after GC invocations=3703 (full 7):
 PSYoungGen      total 5632K, used 608K [0x00000000d5580000, 0x00000000d5c00000, 0x0000000100000000)
  eden space 4608K, 0% used [0x00000000d5580000,0x00000000d5580000,0x00000000d5a00000)
  from space 1024K, 59% used [0x00000000d5a00000,0x00000000d5a98000,0x00000000d5b00000)
  to   space 1024K, 0% used [0x00000000d5b00000,0x00000000d5b00000,0x00000000d5c00000)
 ParOldGen       total 1109504K, used 1109461K [0x0000000080000000, 0x00000000c3b80000, 0x00000000d5580000)
  object space 1109504K, 99% used [0x0000000080000000,0x00000000c3b75710,0x00000000c3b80000)
 Metaspace       used 97635K, committed 99456K, reserved 1179648K
  class space    used 10114K, committed 10944K, reserved 1048576K
}
Event: 1392.290 GC heap before
{Heap before GC invocations=3704 (full 7):
 PSYoungGen      total 5632K, used 5216K [0x00000000d5580000, 0x00000000d5c00000, 0x0000000100000000)
  eden space 4608K, 100% used [0x00000000d5580000,0x00000000d5a00000,0x00000000d5a00000)
  from space 1024K, 59% used [0x00000000d5a00000,0x00000000d5a98000,0x00000000d5b00000)
  to   space 1024K, 0% used [0x00000000d5b00000,0x00000000d5b00000,0x00000000d5c00000)
 ParOldGen       total 1109504K, used 1109461K [0x0000000080000000, 0x00000000c3b80000, 0x00000000d5580000)
  object space 1109504K, 99% used [0x0000000080000000,0x00000000c3b75710,0x00000000c3b80000)
 Metaspace       used 97639K, committed 99520K, reserved 1179648K
  class space    used 10114K, committed 10944K, reserved 1048576K
}
Event: 1392.292 GC heap after
{Heap after GC invocations=3704 (full 7):
 PSYoungGen      total 5120K, used 346K [0x00000000d5580000, 0x00000000d5b80000, 0x0000000100000000)
  eden space 4608K, 0% used [0x00000000d5580000,0x00000000d5580000,0x00000000d5a00000)
  from space 512K, 67% used [0x00000000d5b00000,0x00000000d5b56900,0x00000000d5b80000)
  to   space 512K, 0% used [0x00000000d5a80000,0x00000000d5a80000,0x00000000d5b00000)
 ParOldGen       total 1110016K, used 1109868K [0x0000000080000000, 0x00000000c3c00000, 0x00000000d5580000)
  object space 1110016K, 99% used [0x0000000080000000,0x00000000c3bdb120,0x00000000c3c00000)
 Metaspace       used 97639K, committed 99520K, reserved 1179648K
  class space    used 10114K, committed 10944K, reserved 1048576K
}
Event: 1392.299 GC heap before
{Heap before GC invocations=3705 (full 7):
 PSYoungGen      total 5120K, used 4954K [0x00000000d5580000, 0x00000000d5b80000, 0x0000000100000000)
  eden space 4608K, 100% used [0x00000000d5580000,0x00000000d5a00000,0x00000000d5a00000)
  from space 512K, 67% used [0x00000000d5b00000,0x00000000d5b56900,0x00000000d5b80000)
  to   space 512K, 0% used [0x00000000d5a80000,0x00000000d5a80000,0x00000000d5b00000)
 ParOldGen       total 1110016K, used 1109868K [0x0000000080000000, 0x00000000c3c00000, 0x00000000d5580000)
  object space 1110016K, 99% used [0x0000000080000000,0x00000000c3bdb120,0x00000000c3c00000)
 Metaspace       used 97639K, committed 99520K, reserved 1179648K
  class space    used 10114K, committed 10944K, reserved 1048576K
}
Event: 1392.300 GC heap after
{Heap after GC invocations=3705 (full 7):
 PSYoungGen      total 5120K, used 512K [0x00000000d5580000, 0x00000000d5c00000, 0x0000000100000000)
  eden space 4608K, 0% used [0x00000000d5580000,0x00000000d5580000,0x00000000d5a00000)
  from space 512K, 100% used [0x00000000d5a80000,0x00000000d5b00000,0x00000000d5b00000)
  to   space 1024K, 0% used [0x00000000d5b00000,0x00000000d5b00000,0x00000000d5c00000)
 ParOldGen       total 1110528K, used 1110112K [0x0000000080000000, 0x00000000c3c80000, 0x00000000d5580000)
  object space 1110528K, 99% used [0x0000000080000000,0x00000000c3c18320,0x00000000c3c80000)
 Metaspace       used 97639K, committed 99520K, reserved 1179648K
  class space    used 10114K, committed 10944K, reserved 1048576K
}
Event: 1392.310 GC heap before
{Heap before GC invocations=3706 (full 7):
 PSYoungGen      total 5120K, used 5120K [0x00000000d5580000, 0x00000000d5c00000, 0x0000000100000000)
  eden space 4608K, 100% used [0x00000000d5580000,0x00000000d5a00000,0x00000000d5a00000)
  from space 512K, 100% used [0x00000000d5a80000,0x00000000d5b00000,0x00000000d5b00000)
  to   space 1024K, 0% used [0x00000000d5b00000,0x00000000d5b00000,0x00000000d5c00000)
 ParOldGen       total 1110528K, used 1110112K [0x0000000080000000, 0x00000000c3c80000, 0x00000000d5580000)
  object space 1110528K, 99% used [0x0000000080000000,0x00000000c3c18320,0x00000000c3c80000)
 Metaspace       used 97642K, committed 99520K, reserved 1179648K
  class space    used 10114K, committed 10944K, reserved 1048576K
}
Event: 1392.311 GC heap after
{Heap after GC invocations=3706 (full 7):
 PSYoungGen      total 5632K, used 922K [0x00000000d5580000, 0x00000000d5c00000, 0x0000000100000000)
  eden space 4608K, 0% used [0x00000000d5580000,0x00000000d5580000,0x00000000d5a00000)
  from space 1024K, 90% used [0x00000000d5b00000,0x00000000d5be6900,0x00000000d5c00000)
  to   space 1024K, 0% used [0x00000000d5a00000,0x00000000d5a00000,0x00000000d5b00000)
 ParOldGen       total 1111040K, used 1110639K [0x0000000080000000, 0x00000000c3d00000, 0x00000000d5580000)
  object space 1111040K, 99% used [0x0000000080000000,0x00000000c3c9bc80,0x00000000c3d00000)
 Metaspace       used 97642K, committed 99520K, reserved 1179648K
  class space    used 10114K, committed 10944K, reserved 1048576K
}
Event: 1392.316 GC heap before
{Heap before GC invocations=3707 (full 7):
 PSYoungGen      total 5632K, used 5530K [0x00000000d5580000, 0x00000000d5c00000, 0x0000000100000000)
  eden space 4608K, 100% used [0x00000000d5580000,0x00000000d5a00000,0x00000000d5a00000)
  from space 1024K, 90% used [0x00000000d5b00000,0x00000000d5be6900,0x00000000d5c00000)
  to   space 1024K, 0% used [0x00000000d5a00000,0x00000000d5a00000,0x00000000d5b00000)
 ParOldGen       total 1111040K, used 1110639K [0x0000000080000000, 0x00000000c3d00000, 0x00000000d5580000)
  object space 1111040K, 99% used [0x0000000080000000,0x00000000c3c9bc80,0x00000000c3d00000)
 Metaspace       used 97644K, committed 99520K, reserved 1179648K
  class space    used 10114K, committed 10944K, reserved 1048576K
}
Event: 1392.317 GC heap after
{Heap after GC invocations=3707 (full 7):
 PSYoungGen      total 5632K, used 378K [0x00000000d5580000, 0x00000000d5c00000, 0x0000000100000000)
  eden space 4608K, 0% used [0x00000000d5580000,0x00000000d5580000,0x00000000d5a00000)
  from space 1024K, 36% used [0x00000000d5a00000,0x00000000d5a5e900,0x00000000d5b00000)
  to   space 1024K, 0% used [0x00000000d5b00000,0x00000000d5b00000,0x00000000d5c00000)
 ParOldGen       total 1111040K, used 1110817K [0x0000000080000000, 0x00000000c3d00000, 0x00000000d5580000)
  object space 1111040K, 99% used [0x0000000080000000,0x00000000c3cc85d0,0x00000000c3d00000)
 Metaspace       used 97644K, committed 99520K, reserved 1179648K
  class space    used 10114K, committed 10944K, reserved 1048576K
}

